Started at Sun Feb 26 04:06:04 UTC 2023
Processing first-job
Offering first-job to Project Build Discarder
Processing go-pipeline
Offering go-pipeline to Project Build Discarder
Processing test-go
Offering test-go to Project Build Discarder
Finished at Sun Feb 26 04:06:04 UTC 2023. 24ms
Started at Sun Feb 26 05:06:04 UTC 2023
Processing first-job
Offering first-job to Project Build Discarder
Processing go-pipeline
Offering go-pipeline to Project Build Discarder
Processing test-go
Offering test-go to Project Build Discarder
Finished at Sun Feb 26 05:06:04 UTC 2023. 58ms
Started at Sun Feb 26 06:06:04 UTC 2023
Processing first-job
Offering first-job to Project Build Discarder
Processing go-pipeline
Offering go-pipeline to Project Build Discarder
Processing test-go
Offering test-go to Project Build Discarder
Finished at Sun Feb 26 06:06:04 UTC 2023. 18ms
Started at Sun Feb 26 14:45:30 UTC 2023
Processing first-job
Offering first-job to Project Build Discarder
Processing go-pipeline
Offering go-pipeline to Project Build Discarder
Processing test-go
Offering test-go to Project Build Discarder
Finished at Sun Feb 26 14:45:30 UTC 2023. 22ms
Started at Sun Feb 26 15:48:58 UTC 2023
Processing first-job
Offering first-job to Project Build Discarder
Processing go-pipeline
Offering go-pipeline to Project Build Discarder
Processing test-go
Offering test-go to Project Build Discarder
Finished at Sun Feb 26 15:48:58 UTC 2023. 21ms
